<?xml version="1.0" encoding="UTF-8"?>
<testsuite xmlns:xsi="http://www.w3.org/2001/XMLSchema-instance" xsi:noNamespaceSchemaLocation="https://maven.apache.org/surefire/maven-surefire-plugin/xsd/surefire-test-report.xsd" name="com.example.FunctionTest" time="2.4" tests="1" errors="1" skipped="0" failures="0">
  <properties>
[...]
</properties>
  <testcase name="test" classname="com.example.FunctionTest" time="2.238">
    <error message="Cannot invoke &quot;com.example.FunctionInput.getPrivateKeyFileName()&quot; because the return value of &quot;com.salesforce.functions.jvm.sdk.InvocationEvent.getData()&quot; is null" type="java.lang.NullPointerException">java.lang.NullPointerException: Cannot invoke "com.example.FunctionInput.getPrivateKeyFileName()" because the return value of "com.salesforce.functions.jvm.sdk.InvocationEvent.getData()" is null
	at com.example.FunctionTest.test(FunctionTest.java:26)
</error>
    <system-err><![CDATA[SLF4J: Failed to load class "org.slf4j.impl.StaticLoggerBinder".
SLF4J: Defaulting to no-operation (NOP) logger implementation
SLF4J: See http://www.slf4j.org/codes.html#StaticLoggerBinder for further details.
]]></system-err>
  </testcase>
</testsuite>